ffffffffffff
a0a1a2a3a4a5
d3f7d3f7d3f7
000000000000
b0b1b2b3b4b5
4d3a99c351dd
1a982c7e459a
aabbccddeeff
714c5c886e97
587ee5f9350f
a0478cc39091
533cb6c723f6
8fd0a4f256e9
a64598a77478
26940b21ff5d
fc00018778f7
00000ffe2488
5c598c9c58b5
e4d2770a89be
434f4d4d4f41
434f4d4d4f42
47524f555041
47524f555042
505249564141
505249564142
0297927c0f77
ee0042f88840
722bfcc5375f
f1d83f964314
54726176656c
776974687573
4af9d7adebe4
2ba9621e0a36
000000000001
123456789abc
b127c6f41436
12f2ee3478c1
34d1df9934c5
55f5a5dd38c9
f1a97341a9fc
33f974b42769
14d446e33363
c934fe34d934
1999a3554a55
27dd91f1fcf1
a94133013401
99c636334433
43ab19ef5c31
a053a292a4af
505249565441
505249565442
fc0001877bf7
a0b0c0d0e0f0
a1b1c1d1e1f1
bd493a3962b6
010203040506
111111111111
222222222222
333333333333
444444444444
555555555555
666666666666
777777777777
888888888888
999999999999
aaaaaaaaaaaa
bbbbbbbbbbbb
cccccccccccc
dddddddddddd
eeeeeeeeeeee
0123456789ab
000000000002
00000000000a
00000000000b
100000000000
200000000000
a00000000000
b00000000000
abcdef123456
f4a9ef2afc6d
4b0b20107ccb
569369c5a0e5
632193be1c3c
644672bd4afe
8fe644038790
9de89e070277
b5ff67cba951
eff603e1efe9
f14ee7cae863
44ab09010845
85fed980ea5a
314b49474956
564c505f4d41
0263de1278f3
067db45454a9
15fc4c7613fe
16f21a82ec84
16f3d5ab1139
17758856b182
1fc235ac1309
22c1bae1aacd
243f160918d1
25094df6f148
2a3c347a1200
324f5df65310
32ac3b90ac13
35c3d2caee88
3a42f33af429
3df14c8000a1
3e3554af0e12
3e65e4fb65b3
454841585443
460722122510
48ffe71294a0
491cdcfb7752
4ad1e273eaf1
4b791bea7bcc
51284c3686a6
528c9dffe28c
5eb8f884c8d1
5f146716e373
6338a371c0ed
63f17a449af0
643fb6de2217
64e3c10394c2
682d401abb09
68d30288910a
693143f10368
6a470d54127c
740e9a4f9aaf
75ccb59c9bed
75d8690f21b6
75ede6a84460
82f435dedf01
85675b200017
871b8c085997
937a4fff3011
97184d136233
97d1101f18b0
9afc42372af1
a27d3804c259
a3f97428dd01
a8966c7cc54b
a9f953def0a3
aafb06045877
ac0e24c75527
ae3ff4eea0db
b0c9dd55dd4d
b736412614af
c4652c54261c
c6ad00254562
c82ec29e3235
d39bb83f5297
d49e2826664f
df27a8f1cb8e
e2c42591368a
e3429281efc1
e444d53d359f
f124c2578ad0
f59a36a2546d
fee470a4cb58
0000000018de
0000014b5c31
003003003003
003cc420001a
013889343891
01fa3fc68349
021209197591
050908080008
0a7932dc7e65
0c669993c776
0c71bcfb7e72
0d258fe90296
0e83a374b513
0f230695923f
0ffbf65b5a14
11428b5bce06
11428b5bce07
11428b5bce08
11428b5bce09
11428b5bce0a
11428b5bce0f
11496f97752a
123f8888f322
1322285230b8
1565a172770f
157b10d84c6b
157c9a513fa5
15cafd6159f6
160a91d29a9c
16551d52fd20
167a1be102e0
16ddcb6b3f24
1717e34a7a8a
17193709adf4
185fa3438949
1877ed29435a
18971d893494
1ab23cd45ef6
1acc3189578c
1f107328dc8d
1f1a0a111b5b
1f1ffe000000
2031d1e57a3b
204752454154
21a600056cb0
22729a9bd40f
2338b4913111
2548a443df28
25d60050bf6e
26643965b16e
26973ea74321
27fbc86a00d0
2a2c13cc242a
2a6d9205e7ca
2cb1a90071c8
2dd39a54e1f3
2ed3b15e7c0f
2ef720f2af76
2fc1f32f51b1
2feae851c199
3060206f5b0a
31646241686c
321958042333
321a695bd266
340e40f81cd8
345547514b4d
356d46474348
369a4663acd2
36abf5874ed7
374bf468607f
381ece050fbd
386b4d634a65
38fcf33072e0
3a09594c8587
3b7e4fd575ad
3c5d1c2bcd18
3e84d2612e2a
3fa7217ec575
410b9b40b872
414c41524f4e
415a54454b4d
4186562a5bb2
424c41524f4e
425a73484166
436a46587552
447ab7fd5a6b
44dd5a385aaf
44f0b5fbe344
45635ef66ef3
476242304c53
484558414354
484944204953
484a57696f4a
48734389edc3
48c739e21a04
49fae4e3849f
4a6352684677
4c32baf326e0
4c6b69723461
4c961f23e6be
4d3248735131
4d5076656d58
4e32336c6e38
4e4175623670
4f9f59c9c875
509359f131b1
51044efb5aab
5106ca7e4a69
513c85d06cde
52264716efde
536653644c65
53c11f90822a
543b01b27a95
5481986d2d62
5544564e6e67
564777315276
568c9083f71c
57734f6f6974
57784a533069
584f66326877
5a1b85fce20a
5ec39b022f2b
623055724556
62387b8d250d
6245e47352e6
62ced42a6d87
62d0c424ed8e
62efd80ab715
645a166b1eeb
649d2abbbd20
666e564f4a44
668770666644
66b03aca6ee9
66d2b7dc39ef
66f3ed00fed7
67546972bc69
675557ecc92e
686a736a356e
68d3f7307c89
69fb7b7cd8ee
6a1987c40a21
6a676c315142
6a696b646631
6b6579737472
6bc1e1ae547d
6c78928e1317
6c94e1ced026
6d44b5aaf464
6d4c5b3658d2
6d4e334b6c48
6db17c16b35b
6f4b6d644178
6f506f493353
703140fd6d86
70564650584f
710732200d34
71f3a315ad26
744e326b3441
752fbb5b7b45
756ef55e2507
77494c526339
77646b633657
77a84170b574
79674f96c771
7b296c40c486
7b296f353c6b
7c335fb121b5
7f33625bc129
8553263f4ff0
8697389aca26
86afd95200f7
87df99d496cb
8829da9daf76
89347350bd36
8ad5517b4b18
8e5d33a6ed51
8ed41e8b8056
8fa1d601d0a2
911e52fd7ce4
9189449ea24e
91ce16c07ac5
91f93a5564c9
925b158f796f
92ee4dc87191
932b9cb730ef
94414c1a07dc
95093f0b2e22
961c0db4a7ed
987a7f7f1a35
9b832a9881ff
9cb290282f7d
9dc282d46217
9f42971e8322
a10f303fc879
a21680c27773
a22ae129c013
a2abb693ce34
a4f204203f56
a56c2df9a26d
a57186bdd2b9
a643f952ea57
a6cac2886412
a7abbc77cc9e
a8d0d850a606
a920f32fe93a
aa0720018738
ab4e7045e97d
ac70ca327a04
ad4fb33388bf
ad9e0a1ca2f7
afd0ba94d624
b1aca33180a5
b35a0e4acc09
b39ae17435dc
b468d1991af9
b578f38a5c61
b725f9cbf183
b7bf0c13066e
b8a1f613cf3d
ba5b895da162
bba840ba1c57
bbe8fffcf363
bedb604cc9d1
bf1f4424af76
bfb6796a11db
bfc8e353af63
c0c1c2c3c4c5
c0dece673829
c2b7ec7d4eb1
c3c88c6340b8
c3f19ec592a2
c4104fa3c526
c5132c8980bc
c5cfe06d9ea3
c620318ef179
c6d375b99972
c96bd1ce607f
cb779c50e1bd
cba6ae869ad5
cc6b3b3cd263
d0d1d2d3d4d5
d21762b2de3b
d2a597d76936
d327083a60a7
d4fe03ce5b06
d4fe03ce5b07
d4fe03ce5b08
d4fe03ce5b09
d4fe03ce5b0a
d4fe03ce5b0f
d58023ba2bdc
d9a37831dce5
db1a3338b2eb
dd61eb6bce22
df37dcb6afb3
e10623e7a016
e241e8afcbaf
e2a5dc8e066f
e4f65c0ef32c
e55a3ca71826
e64a986a5d94
e703589db50b
eb0a8ff88ade
ec0a9b1a9e06
ed646c83a4f3
ee4cc572b40e
eeb420209d0c
f101622750b7
f1b9f5669cc8
f23442436765
f238d78ff48f
f26e21edcee2
f4396e468114
f4cd5d4c13ff
f662248e7e89
f72a29005459
f792c4c76a5c
f7a39753d018
f9861526130f
fad63ecb5891
bc4580b7f20b
8e26e45e7d65
a7141147d430
18e3a02b5eff
e328a1c7156d
8a8d88151a00
7a86aa203788
72f96bdd3714
c76bf71a2509
1b61b2e78c75
045ceca15535
6b07877e2c5c
0ce7cd2cc72b
ea0fd73cb149
b81f2b0c2f66
bb52f8cce07f
46d78e850a7e
e4821a377b75
8791b2ccb5c4
d5524f591eed
baff3053b496
0f318130ed18
42e9b54e51ab
7413b599c4ea
9ea3387a63c1
b27addfb64b0
e56ac127dd45
0be5fac8b06a
fd8705e721b0
7259fa0197c6
22052b480d11
9d993c5d4ef4
c65d4eaa645b
0eb23cc8110b
3a8a139c20b4
19fc84a3784b
0f01ceff2742
a3faa6daff67
bc2d1791dec1
7a396f0d633d
acffffffffff
77dabc9825e1
518dc6eea089
044ce1872bc3
114d6be9440c
afcef64c9913
08b386463229
0e8f64340ba4
0f1c63013dba
2aa05ed1856f
2b7f3253fac5
69a32f1c2f19
73068f118c13
9becdf3d9273
a73f5dc1d333
a82607b01c0d
ae3d65a3dad4
cd4c61c26e3d
d3eafb5df46d
e35173494a81
fbc2793d540b
5125974cd391
ecf751084a80
7545df809202
ab16584c972a
7a38e3511a38
c8454c154cb5
04c297b91308
efcb0e689db3
07894ffec1d6
fba88f109b32
2fe3cb83ea43
b90de525ceb6
1cc219e9fec1
a74332f74994
764cd061f1e6
8f79c4fd8a01
cd64e567abcd
ce26ecb95252
aba208516740
9868925175ba
16a27af45407
372cc880f216
3ebce0925b2f
73e5b9d9d3a4
0db520c78c1c
70d901648cb9
c11f4597efb5
b39d19a280df
403d706ba880
7038cd25c408
6b02733bb6ec
eaac88e5dc99
4acec1205d75
2910989b6880
31c7610de3b0
5efbaecef46b
f8493407799d
6b8bd9860763
d3a297dc2698
fbf225dc5d58
3367bfaa91db
4b609876bba3
5c83859f2224
66b504430416
70d1cf2c6843
8c97cd7a0e56
b9f8a7d83978
c4b3bd0ed5f1
c4d3911ad1b3
cad7d4a6a996
da898acbb854
fea1295774f9
807119f81418
22c8bcd10aaa
0aaaba420191
e51b4c22c8bc
dbf9f79ab7a2
34ede51b4c22
c8bcd10aaaba
bcd10aaaba42
2735fc181807
2aba9519f574
84fd7f7a12b6
186d8c4b93f9
3a4bba8adaf0
8765b17968a2
40ead80721ce
0db5e6523f7c
51119dae5216
83e3549ce42d
136bdb246cac
2f87f74090d1
e53eaefe478f
ce2797e73070
328a034b93db
81e1529ae22b
fc55c50e579f
1a72e2337bc3
5db52676be07
f64fbf085098
8fe758a8f039
bb1484cc155d
41990a529ae2
cd2e9ee62f77
69c1327ac20b
3c9c0d559de5
67bf3880c811
48a01159a1e9
2b83fb448cd4
f24bbb044c94
7de02a7f6025
bf23a53c1f63
cb9a1f2d7368
c7c0adb3284f
9f131d8c2057
67362d90f973
6202a38f69e2
100533b89331
653a87594079
d8a274b2e026
b20b83cb145c
9afa6cb4fc3d
94f46db5fd46
c31c8cd41d65
bb1684cc155d
ca2393db246c
1d75e52e76be
81d9529ae223
0159c9125aa2
52aa1b6bb3fb
97ef60a8f031
6fc73888d011
3a92fa438bd3
74cc3d85cd0e
025aca1b63a3
af0878c81151
9bfb6cb4fc45
f750c0095199
075fcf1860a8
2686ee3f87c7
277fef3880c0
82da4b93db1c
9cf46db5fd46
93eb64acf43d
0854bf31111e
0c03a720f208
135b88a94b8b
1fcef3005bcf
2f47741062a0
361f69d2c462
3a09911d860c
3d50d902ea48
400bc9be8976
4708111c8604
50a11381502c
560f7cff2d81
60012e9ba3fa
6018522fac02
66b31e64ca4b
6700f10fec09
7a09cc1db70a
81bfbe8cacba
8a036920ac0c
8a19d40cf2b5
96a301bce267
9e53491f685b
a170d9b59f95
ae8587108640
b4166b0a27ea
bb467463acd6
bff123126c9b
c01fc822c6e5
d58660d1acde
d80511fc2ab4
d9bcde7fc489
de1fcbec764b
e67c8010502d
ff58ba1b4478
a3a26ef4c6b0
2c3feaae99fc
e85b73382e1f
f4ed24c2b998
cb574c6d3b19
e092081d724b
b38d82cf7b6c
8228d2aa6efa
2c7e983588a3
cf7a7b77e232
32a7f5eaf87d
7453a687b5f0
01a0c008a5b9
dec0ceb0ce24
413bed2ae45b
d6261a9a4b3f
cb9d507ce56d 
ffffffffffff
a0a1a2a3a4a5
d3f7d3f7d3f7
012345678901
484558414354
4a6352684677
536653644c65
a0a1a2a3a4a5
b0b1b2b3b4b5
8829da9daf76
a0a1a2a3a4a5
444156494442
4a4c474f524d
434456495243
434143445649
a22ae129c013
334558414354
554558414354
114558414354
a22ae129c013
49fae4e3849f
38fc223072e0
8ad5117b4b18
509359f131b1
6c78228e1317
aa0720018738
a6cac2886412
ffffffffffff
a0a1a2a3a4a5
d3f7d3f7d3f7
ffffffffffff
a0b0c0d0e0f0
a1b1c1d1e1f1
a0a1a2a3a4a5
b0b1b2b3b4b5
4d3a99c351dd
1a982c7e459a
000000000000
d3f7d3f7d3f7
aabbccddeeff
aea684a6dab23278
7665544332211000
0123456789ABCDEF
5b7c62c491c11b39
f0e1d2c3b4a59687
5cbcf1da45d5fb4f
31ad7ebd2f282168
0000000000000000
7544d1652bc9bd43
00000000000000000000000000000000
000000000000000000000000000000000000000000000000
00112233445566778899aabbccddeeff
79702553797025537970255379702553
4e617468616e2e4c6920546564647920
43464f494d48504e4c4359454e528841
6ac292faa1315b4d858ab3a3d7d5933a
404142434445464748494a4b4c4d4e4f
00112233445566778899aabbccddeeff
2b7e151628aed2a6abf7158809cf4f3c
fbeed618357133667c85e08f7236a8de
f7ddac306ae266ccf90bc11ee46d513b
54686973206973206D79206B65792020
ffffffffffffffffffffffffffffffff
a0a1a2a3a4a5a6a7a0a1a2a3a4a5a6a7
b0b1b2b3b4b5b6b7b0b1b2b3b4b5b6b7
b0b1b2b3b4b5b6b7b8b9babbbcbdbebf
d3f7d3f7d3f7d3f7d3f7d3f7d3f7d3f7
11111111111111111111111111111111
22222222222222222222222222222222
33333333333333333333333333333333
44444444444444444444444444444444
55555555555555555555555555555555
66666666666666666666666666666666
77777777777777777777777777777777
88888888888888888888888888888888
99999999999999999999999999999999
aaaaaaaaaaaaaaaaaaaaaaaaaaaaaaaa
bbbbbbbbbbbbbbbbbbbbbbbbbbbbbbbb
cccccccccccccccccccccccccccccccc
dddddddddddddddddddddddddddddddd
eeeeeeeeeeeeeeeeeeeeeeeeeeeeeeee
000102030405060708090a0b0c0d0e0f
0102030405060708090a0b0c0d0e0f10
00010203040506070809101112131415
01020304050607080910111213141516
16151413121110090807060504030201
15141312111009080706050403020100
0f0e0d0c0b0a09080706050403020100
100f0e0d0c0b0a090807060504030201
404142434445464748494a4b4c4d4e4f
303132333435363738393a3b3c3d3e3f
9cabf398358405ae2f0e2b3d31c99a8a
605f5e5d5c5b5a59605f5e5d5c5b5a59
ffffffffffffffffffffffffffffffff
00000000000000000000000000000000
a0a1a2a3a4a5a6a7a0a1a2a3a4a5a6a7
b0b1b2b3b4b5b6b7b0b1b2b3b4b5b6b7
d3f7d3f7d3f7d3f7d3f7d3f7d3f7d3f7
11111111111111111111111111111111
22222222222222222222222222222222
33333333333333333333333333333333
44444444444444444444444444444444
55555555555555555555555555555555
66666666666666666666666666666666
77777777777777777777777777777777
88888888888888888888888888888888
99999999999999999999999999999999
aaaaaaaaaaaaaaaaaaaaaaaaaaaaaaaa
bbbbbbbbbbbbbbbbbbbbbbbbbbbbbbbb
cccccccccccccccccccccccccccccccc
dddddddddddddddddddddddddddddddd
eeeeeeeeeeeeeeeeeeeeeeeeeeeeeeee
000102030405060708090a0b0c0d0e0f
0102030405060708090a0b0c0d0e0f10
00010203040506070809101112131415
01020304050607080910111213141516
16151413121110090807060504030201
15141312111009080706050403020100
0f0e0d0c0b0a09080706050403020100
100f0e0d0c0b0a090807060504030201
404142434445464748494a4b4c4d4e4f
303132333435363738393a3b3c3d3e3f
605f5e5d5c5b5a59605f5e5d5c5b5a59
425245414b4d454946594f5543414e21
51243648
000d8787
19920427
65857569
05d73b9f
89a69e60
314159e0
aa55bbbb
a5b4c3d2
1c0b5848
00434343
44b44cae
88661858
575f4f4b
50520901
50524f58
f9dceba0
00000000
11111111
22222222
33333333
44444444
55555555
66666666
77777777
88888888
99999999
aaaaaaaa
bbbbbbbb
cccccccc
dddddddd
eeeeeeee
ffffffff
a0a1a2a3
b0b1b2b3
50415353
00000001
00000002
0000000a
0000000b
01020304
02030405
03040506
04050607
05060708
06070809
0708090a
08090a0b
090a0b0c
0a0b0c0d
0b0c0d0e
0c0d0e0f
01234567
12345678
10000000
20000000
30000000
40000000
50000000
60000000
70000000
80000000
90000000
a0000000
b0000000
c0000000
d0000000
e0000000
f0000000
10101010
01010101
11223344
22334455
33445566
44556677
55667788
66778899
778899aa
8899aabb
99aabbcc
aabbccdd
bbccddee
ccddeeff
0cb7e7fc
fabada11
87654321
12341234
69696969
12121212
12344321
1234abcd
11112222
13131313
10041004
31415926
abcd1234
20002000
19721972
aa55aa55
55aa55aa
4f271149
07d7bb0b
9636ef8f
b5f44686
9e3779b9
c6ef3720
7854794a
f1ea5eed
69314718
57721566
93c467e3
27182818
