
# $ cat master_keys_list.lst | sort -u -r > master_keys_list_sorted.lst 
ffffffffffffffffffffffffffffffff
ffffffffffff
ffffffff
ff58ba1b4478
fee470a4cb58
fea1295774f9
fd8705e721b0
fc55c50e579f
fc0001877bf7
fc00018778f7
fbf225dc5d58
fbeed618357133667c85e08f7236a8de
fbc2793d540b
fba88f109b32
fad63ecb5891
fabada11
f9dceba0
f9861526130f
f8493407799d
f7ddac306ae266ccf90bc11ee46d513b
f7a39753d018
f792c4c76a5c
f750c0095199
f72a29005459
f662248e7e89
f64fbf085098
f59a36a2546d
f4ed24c2b998
f4cd5d4c13ff
f4a9ef2afc6d
f4396e468114
f26e21edcee2
f24bbb044c94
f238d78ff48f
f23442436765
f1ea5eed
f1d83f964314
f1b9f5669cc8
f1a97341a9fc
f14ee7cae863
f124c2578ad0
f101622750b7
f0e1d2c3b4a59687
f0000000
eff603e1efe9
efcb0e689db3
eeeeeeeeeeeeeeeeeeeeeeeeeeeeeeee
eeeeeeeeeeee
eeeeeeee
eeb420209d0c
ee4cc572b40e
ee0042f88840
ed646c83a4f3
ecf751084a80
ec0a9b1a9e06
eb0a8ff88ade
eaac88e5dc99
ea0fd73cb149
e85b73382e1f
e703589db50b
e67c8010502d
e64a986a5d94
e56ac127dd45
e55a3ca71826
e53eaefe478f
e51b4c22c8bc
e4f65c0ef32c
e4d2770a89be
e4821a377b75
e444d53d359f
e35173494a81
e3429281efc1
e328a1c7156d
e2c42591368a
e2a5dc8e066f
e241e8afcbaf
e10623e7a016
e092081d724b
e0000000
df37dcb6afb3
df27a8f1cb8e
dec0ceb0ce24
de1fcbec764b
dddddddddddddddddddddddddddddddd
dddddddddddd
dddddddd
dd61eb6bce22
dbf9f79ab7a2
db1a3338b2eb
da898acbb854
d9bcde7fc489
d9a37831dce5
d8a274b2e026
d80511fc2ab4
d6261a9a4b3f
d58660d1acde
d58023ba2bdc
d5524f591eed
d4fe03ce5b0f
d4fe03ce5b0a
d4fe03ce5b09
d4fe03ce5b08
d4fe03ce5b07
d4fe03ce5b06
d49e2826664f
d3f7d3f7d3f7d3f7d3f7d3f7d3f7d3f7
d3f7d3f7d3f7
d3eafb5df46d
d3a297dc2698
d39bb83f5297
d327083a60a7
d2a597d76936
d21762b2de3b
d0d1d2d3d4d5
d0000000
cf7a7b77e232
ce2797e73070
ce26ecb95252
cd64e567abcd
cd4c61c26e3d
cd2e9ee62f77
ccddeeff
cccccccccccccccccccccccccccccccc
cccccccccccc
cccccccc
cc6b3b3cd263
cba6ae869ad5
cb9d507ce56d 
cb9a1f2d7368
cb779c50e1bd
cb574c6d3b19
cad7d4a6a996
ca2393db246c
c96bd1ce607f
c934fe34d934
c8bcd10aaaba
c8454c154cb5
c82ec29e3235
c7c0adb3284f
c76bf71a2509
c6ef3720
c6d375b99972
c6ad00254562
c65d4eaa645b
c620318ef179
c5cfe06d9ea3
c5132c8980bc
c4d3911ad1b3
c4b3bd0ed5f1
c4652c54261c
c4104fa3c526
c3f19ec592a2
c3c88c6340b8
c31c8cd41d65
c2b7ec7d4eb1
c11f4597efb5
c0dece673829
c0c1c2c3c4c5
c01fc822c6e5
c0000000
bff123126c9b
bfc8e353af63
bfb6796a11db
bf23a53c1f63
bf1f4424af76
bedb604cc9d1
bd493a3962b6
bcd10aaaba42
bc4580b7f20b
bc2d1791dec1
bbe8fffcf363
bbccddee
bbbbbbbbbbbbbbbbbbbbbbbbbbbbbbbb
bbbbbbbbbbbb
bbbbbbbb
bba840ba1c57
bb52f8cce07f
bb467463acd6
bb1684cc155d
bb1484cc155d
baff3053b496
ba5b895da162
b9f8a7d83978
b90de525ceb6
b8a1f613cf3d
b81f2b0c2f66
b7bf0c13066e
b736412614af
b725f9cbf183
b5ff67cba951
b5f44686
b578f38a5c61
b468d1991af9
b4166b0a27ea
b39d19a280df
b39ae17435dc
b38d82cf7b6c
b35a0e4acc09
b27addfb64b0
b20b83cb145c
b1aca33180a5
b127c6f41436
b0c9dd55dd4d
b0b1b2b3b4b5b6b7b8b9babbbcbdbebf
b0b1b2b3b4b5b6b7b0b1b2b3b4b5b6b7
b0b1b2b3b4b5
b0b1b2b3
b00000000000
b0000000
afd0ba94d624
afcef64c9913
af0878c81151
aea684a6dab23278
ae8587108640
ae3ff4eea0db
ae3d65a3dad4
ad9e0a1ca2f7
ad4fb33388bf
acffffffffff
ac70ca327a04
ac0e24c75527
abcdef123456
abcd1234
aba208516740
ab4e7045e97d
ab16584c972a
aafb06045877
aabbccddeeff
aabbccdd
aaaaaaaaaaaaaaaaaaaaaaaaaaaaaaaa
aaaaaaaaaaaa
aaaaaaaa
aa55bbbb
aa55aa55
aa0720018738
a9f953def0a3
a94133013401
a920f32fe93a
a8d0d850a606
a8966c7cc54b
a82607b01c0d
a7abbc77cc9e
a74332f74994
a73f5dc1d333
a7141147d430
a6cac2886412
a64598a77478
a643f952ea57
a5b4c3d2
a57186bdd2b9
a56c2df9a26d
a4f204203f56
a3faa6daff67
a3f97428dd01
a3a26ef4c6b0
a2abb693ce34
a27d3804c259
a22ae129c013
a21680c27773
a1b1c1d1e1f1
a170d9b59f95
a10f303fc879
a0b0c0d0e0f0
a0a1a2a3a4a5a6a7a0a1a2a3a4a5a6a7
a0a1a2a3a4a5
a0a1a2a3
a053a292a4af
a0478cc39091
a00000000000
a0000000
9f42971e8322
9f131d8c2057
9ea3387a63c1
9e53491f685b
9e3779b9
9de89e070277
9dc282d46217
9d993c5d4ef4
9cf46db5fd46
9cb290282f7d
9cabf398358405ae2f0e2b3d31c99a8a
9bfb6cb4fc45
9becdf3d9273
9b832a9881ff
9afc42372af1
9afa6cb4fc3d
99c636334433
99aabbcc
99999999999999999999999999999999
999999999999
99999999
987a7f7f1a35
9868925175ba
97ef60a8f031
97d1101f18b0
97184d136233
96a301bce267
9636ef8f
961c0db4a7ed
95093f0b2e22
94f46db5fd46
94414c1a07dc
93eb64acf43d
93c467e3
937a4fff3011
932b9cb730ef
92ee4dc87191
925b158f796f
91f93a5564c9
91ce16c07ac5
9189449ea24e
911e52fd7ce4
90000000
8fe758a8f039
8fe644038790
8fd0a4f256e9
8fa1d601d0a2
8f79c4fd8a01
8ed41e8b8056
8e5d33a6ed51
8e26e45e7d65
8c97cd7a0e56
8ad5517b4b18
8ad5117b4b18
8a8d88151a00
8a19d40cf2b5
8a036920ac0c
89a69e60
89347350bd36
8899aabb
88888888888888888888888888888888
888888888888
88888888
88661858
8829da9daf76
87df99d496cb
8791b2ccb5c4
8765b17968a2
87654321
871b8c085997
86afd95200f7
8697389aca26
85fed980ea5a
85675b200017
8553263f4ff0
84fd7f7a12b6
83e3549ce42d
82f435dedf01
82da4b93db1c
8228d2aa6efa
81e1529ae22b
81d9529ae223
81bfbe8cacba
807119f81418
80000000
7f33625bc129
7de02a7f6025
7c335fb121b5
7b296f353c6b
7b296c40c486
7a86aa203788
7a396f0d633d
7a38e3511a38
7a09cc1db70a
79702553797025537970255379702553
79674f96c771
7854794a
77dabc9825e1
77a84170b574
778899aa
77777777777777777777777777777777
777777777777
77777777
776974687573
77646b633657
77494c526339
7665544332211000
764cd061f1e6
75ede6a84460
75d8690f21b6
75ccb59c9bed
756ef55e2507
7545df809202
7544d1652bc9bd43
752fbb5b7b45
74cc3d85cd0e
7453a687b5f0
744e326b3441
7413b599c4ea
740e9a4f9aaf
73e5b9d9d3a4
73068f118c13
72f96bdd3714
7259fa0197c6
722bfcc5375f
71f3a315ad26
714c5c886e97
710732200d34
70d901648cb9
70d1cf2c6843
70564650584f
7038cd25c408
703140fd6d86
70000000
6fc73888d011
6f506f493353
6f4b6d644178
6db17c16b35b
6d4e334b6c48
6d4c5b3658d2
6d44b5aaf464
6c94e1ced026
6c78928e1317
6c78228e1317
6bc1e1ae547d
6b8bd9860763
6b6579737472
6b07877e2c5c
6b02733bb6ec
6ac292faa1315b4d858ab3a3d7d5933a
6a696b646631
6a676c315142
6a470d54127c
6a1987c40a21
69fb7b7cd8ee
69c1327ac20b
69a32f1c2f19
69696969
69314718
693143f10368
68d3f7307c89
68d30288910a
686a736a356e
682d401abb09
67bf3880c811
675557ecc92e
67546972bc69
67362d90f973
6700f10fec09
66f3ed00fed7
66d2b7dc39ef
66b504430416
66b31e64ca4b
66b03aca6ee9
668770666644
66778899
666e564f4a44
66666666666666666666666666666666
666666666666
66666666
65857569
653a87594079
64e3c10394c2
649d2abbbd20
645a166b1eeb
644672bd4afe
643fb6de2217
63f17a449af0
6338a371c0ed
632193be1c3c
62efd80ab715
62d0c424ed8e
62ced42a6d87
6245e47352e6
62387b8d250d
623055724556
6202a38f69e2
605f5e5d5c5b5a59605f5e5d5c5b5a59
6018522fac02
60012e9ba3fa
60000000
5f146716e373
5efbaecef46b
5ec39b022f2b
5eb8f884c8d1
5db52676be07
5cbcf1da45d5fb4f
5c83859f2224
5c598c9c58b5
5b7c62c491c11b39
5a1b85fce20a
587ee5f9350f
584f66326877
57784a533069
57734f6f6974
57721566
575f4f4b
569369c5a0e5
568c9083f71c
564c505f4d41
564777315276
560f7cff2d81
55f5a5dd38c9
55aa55aa
55667788
55555555555555555555555555555555
555555555555
55555555
554558414354
5544564e6e67
5481986d2d62
54726176656c
54686973206973206D79206B65792020
543b01b27a95
53c11f90822a
536653644c65
533cb6c723f6
52aa1b6bb3fb
528c9dffe28c
52264716efde
518dc6eea089
513c85d06cde
51284c3686a6
5125974cd391
51243648
51119dae5216
5106ca7e4a69
51044efb5aab
50a11381502c
509359f131b1
50524f58
505249565442
505249565441
505249564142
505249564141
50520901
50415353
50000000
4f9f59c9c875
4f271149
4e617468616e2e4c6920546564647920
4e4175623670
4e32336c6e38
4d5076656d58
4d3a99c351dd
4d3248735131
4c961f23e6be
4c6b69723461
4c32baf326e0
4b791bea7bcc
4b609876bba3
4b0b20107ccb
4af9d7adebe4
4ad1e273eaf1
4acec1205d75
4a6352684677
4a4c474f524d
49fae4e3849f
491cdcfb7752
48ffe71294a0
48c739e21a04
48a01159a1e9
48734389edc3
484a57696f4a
484944204953
484558414354
476242304c53
47524f555042
47524f555041
4708111c8604
46d78e850a7e
460722122510
45635ef66ef3
454841585443
44f0b5fbe344
44dd5a385aaf
44b44cae
44ab09010845
447ab7fd5a6b
44556677
44444444444444444444444444444444
444444444444
44444444
444156494442
43ab19ef5c31
436a46587552
434f4d4d4f42
434f4d4d4f41
43464f494d48504e4c4359454e528841
434456495243
434143445649
42e9b54e51ab
425a73484166
425245414b4d454946594f5543414e21
424c41524f4e
41990a529ae2
4186562a5bb2
415a54454b4d
414c41524f4e
413bed2ae45b
410b9b40b872
40ead80721ce
404142434445464748494a4b4c4d4e4f
403d706ba880
400bc9be8976
40000000
3fa7217ec575
3ebce0925b2f
3e84d2612e2a
3e65e4fb65b3
3e3554af0e12
3df14c8000a1
3d50d902ea48
3c9c0d559de5
3c5d1c2bcd18
3b7e4fd575ad
3a92fa438bd3
3a8a139c20b4
3a4bba8adaf0
3a42f33af429
3a09911d860c
3a09594c8587
38fcf33072e0
38fc223072e0
386b4d634a65
381ece050fbd
374bf468607f
372cc880f216
36abf5874ed7
369a4663acd2
361f69d2c462
35c3d2caee88
356d46474348
34ede51b4c22
34d1df9934c5
345547514b4d
340e40f81cd8
33f974b42769
3367bfaa91db
334558414354
33445566
33333333333333333333333333333333
333333333333
33333333
32ac3b90ac13
32a7f5eaf87d
328a034b93db
324f5df65310
321a695bd266
321958042333
31c7610de3b0
31ad7ebd2f282168
31646241686c
314b49474956
314159e0
31415926
3060206f5b0a
303132333435363738393a3b3c3d3e3f
30000000
2feae851c199
2fe3cb83ea43
2fc1f32f51b1
2f87f74090d1
2f47741062a0
2ef720f2af76
2ed3b15e7c0f
2dd39a54e1f3
2cb1a90071c8
2c7e983588a3
2c3feaae99fc
2ba9621e0a36
2b83fb448cd4
2b7f3253fac5
2b7e151628aed2a6abf7158809cf4f3c
2aba9519f574
2aa05ed1856f
2a6d9205e7ca
2a3c347a1200
2a2c13cc242a
2910989b6880
27fbc86a00d0
27dd91f1fcf1
277fef3880c0
2735fc181807
27182818
26973ea74321
26940b21ff5d
2686ee3f87c7
26643965b16e
25d60050bf6e
2548a443df28
25094df6f148
243f160918d1
2338b4913111
22c8bcd10aaa
22c1bae1aacd
22729a9bd40f
22334455
22222222222222222222222222222222
222222222222
22222222
22052b480d11
21a600056cb0
204752454154
2031d1e57a3b
20002000
200000000000
20000000
1fcef3005bcf
1fc235ac1309
1f1ffe000000
1f1a0a111b5b
1f107328dc8d
1d75e52e76be
1cc219e9fec1
1c0b5848
1b61b2e78c75
1acc3189578c
1ab23cd45ef6
1a982c7e459a
1a72e2337bc3
19fc84a3784b
1999a3554a55
19920427
19721972
18e3a02b5eff
18971d893494
1877ed29435a
186d8c4b93f9
185fa3438949
17758856b182
17193709adf4
1717e34a7a8a
16f3d5ab1139
16f21a82ec84
16ddcb6b3f24
16a27af45407
167a1be102e0
16551d52fd20
16151413121110090807060504030201
160a91d29a9c
15fc4c7613fe
15cafd6159f6
157c9a513fa5
157b10d84c6b
1565a172770f
15141312111009080706050403020100
14d446e33363
136bdb246cac
135b88a94b8b
1322285230b8
13131313
12f2ee3478c1
123f8888f322
1234abcd
123456789abc
12345678
12344321
12341234
12121212
114d6be9440c
11496f97752a
114558414354
11428b5bce0f
11428b5bce0a
11428b5bce09
11428b5bce08
11428b5bce07
11428b5bce06
11223344
11112222
11111111111111111111111111111111
111111111111
11111111
10101010
100f0e0d0c0b0a090807060504030201
100533b89331
10041004
100000000000
10000000
0ffbf65b5a14
0f318130ed18
0f230695923f
0f1c63013dba
0f0e0d0c0b0a09080706050403020100
0f01ceff2742
0eb23cc8110b
0e8f64340ba4
0e83a374b513
0db5e6523f7c
0db520c78c1c
0d258fe90296
0ce7cd2cc72b
0cb7e7fc
0c71bcfb7e72
0c669993c776
0c0d0e0f
0c03a720f208
0be5fac8b06a
0b0c0d0e
0aaaba420191
0a7932dc7e65
0a0b0c0d
090a0b0c
08b386463229
0854bf31111e
08090a0b
07d7bb0b
07894ffec1d6
075fcf1860a8
0708090a
067db45454a9
06070809
05d73b9f
050908080008
05060708
04c297b91308
045ceca15535
044ce1872bc3
04050607
03040506
0297927c0f77
0263de1278f3
025aca1b63a3
021209197591
02030405
01fa3fc68349
01a0c008a5b9
0159c9125aa2
013889343891
0123456789ab
0123456789ABCDEF
012345678901
01234567
01020304050607080910111213141516
0102030405060708090a0b0c0d0e0f10
010203040506
01020304
01010101
00434343
003cc420001a
003003003003
00112233445566778899aabbccddeeff
000d8787
00010203040506070809101112131415
000102030405060708090a0b0c0d0e0f
00000ffe2488
0000014b5c31
0000000b
0000000a
00000002
00000001
0000000018de
00000000000b
00000000000a
000000000002
000000000001
000000000000000000000000000000000000000000000000
00000000000000000000000000000000
0000000000000000
000000000000
00000000
