## Assembled from selected dictionary files here:
## https://github.com/RfidResearchGroup/proxmark3/tree/master/client/dictionaries

#
# iClass Default Keys
#   -- iceman fork version --
#   -- contribute to this list, sharing is caring --
#
AEA684A6DAB23278 # AA1
7665544332211000 # key1/Kc from PicoPass 2k documentation
0123456789ABCDEF # SAGEM
5b7c62c491c11b39 # from loclass demo file.
F0E1D2C3B4A59687 # Kd from PicoPass 2k documentation
5CBCF1DA45D5FB4F # PicoPass Default Exchange Key
31ad7ebd2f282168 # From HID multiclassSE reader

0000000000000000                                    #NXP Default DES
7544d1652bc9bd43
00000000000000000000000000000000                    #NXP Default 3DES/AES
000000000000000000000000000000000000000000000000    #NXP Default 3K3DES
00112233445566778899AABBCCDDEEFF                    #TI TRF7970A sloa213
79702553797025537970255379702553                    #TI TRF7970A sloa213
4E617468616E2E4C6920546564647920
43464F494D48504E4C4359454E528841                    #NHIF
6AC292FAA1315B4D858AB3A3D7D5933A
404142434445464748494a4b4c4d4e4f
00112233445566778899aabbccddeeff
2b7e151628aed2a6abf7158809cf4f3c
fbeed618357133667c85e08f7236a8de
f7ddac306ae266ccf90bc11ee46d513b
54686973206973206D79206B65792020
ffffffffffffffffffffffffffffffff
a0a1a2a3a4a5a6a7a0a1a2a3a4a5a6a7
b0b1b2b3b4b5b6b7b0b1b2b3b4b5b6b7
b0b1b2b3b4b5b6b7b8b9babbbcbdbebf
d3f7d3f7d3f7d3f7d3f7d3f7d3f7d3f7
11111111111111111111111111111111
22222222222222222222222222222222
33333333333333333333333333333333
44444444444444444444444444444444
55555555555555555555555555555555
66666666666666666666666666666666
77777777777777777777777777777777
88888888888888888888888888888888
99999999999999999999999999999999
aaaaaaaaaaaaaaaaaaaaaaaaaaaaaaaa
bbbbbbbbbbbbbbbbbbbbbbbbbbbbbbbb
cccccccccccccccccccccccccccccccc
dddddddddddddddddddddddddddddddd
eeeeeeeeeeeeeeeeeeeeeeeeeeeeeeee
000102030405060708090a0b0c0d0e0f
0102030405060708090a0b0c0d0e0f10
00010203040506070809101112131415
01020304050607080910111213141516
16151413121110090807060504030201
15141312111009080706050403020100
0f0e0d0c0b0a09080706050403020100
100f0e0d0c0b0a090807060504030201
404142434445464748494a4b4c4d4e4f
303132333435363738393a3b3c3d3e3f
9CABF398358405AE2F0E2B3D31C99A8A              # Default key
605F5E5D5C5B5A59605F5E5D5C5B5A59              # access control

ffffffffffffffffffffffffffffffff
00000000000000000000000000000000
a0a1a2a3a4a5a6a7a0a1a2a3a4a5a6a7
b0b1b2b3b4b5b6b7b0b1b2b3b4b5b6b7
d3f7d3f7d3f7d3f7d3f7d3f7d3f7d3f7
11111111111111111111111111111111
22222222222222222222222222222222
33333333333333333333333333333333
44444444444444444444444444444444
55555555555555555555555555555555
66666666666666666666666666666666
77777777777777777777777777777777
88888888888888888888888888888888
99999999999999999999999999999999
aaaaaaaaaaaaaaaaaaaaaaaaaaaaaaaa
bbbbbbbbbbbbbbbbbbbbbbbbbbbbbbbb
cccccccccccccccccccccccccccccccc
dddddddddddddddddddddddddddddddd
eeeeeeeeeeeeeeeeeeeeeeeeeeeeeeee
000102030405060708090a0b0c0d0e0f
0102030405060708090a0b0c0d0e0f10
00010203040506070809101112131415
01020304050607080910111213141516
16151413121110090807060504030201
15141312111009080706050403020100
0f0e0d0c0b0a09080706050403020100
100f0e0d0c0b0a090807060504030201
404142434445464748494a4b4c4d4e4f
303132333435363738393a3b3c3d3e3f
605F5E5D5C5B5A59605F5E5D5C5B5A59

#
# Mifare Ultralight Default Keys
#   -- iceman fork version --
#   -- contribute to this list, sharing is caring --
#
425245414B4D454946594F5543414E21 # Sample Key (BREAKMEIFYOUCAN!)

# known cloners
# ref. http://www.proxmark.org/forum/viewtopic.php?id=2022
51243648
000D8787
19920427
65857569 //chinese "handheld RFID writer" blue cloner from circa 2013 (also sold by xfpga.com)
# ref. http://kazus.ru/forums/showpost.php?p=1045937&postcount=77
05D73B9F
# ref. http://www.proxmark.org/forum/viewtopic.php?=
89A69E60
# ref lock
314159E0
# ref. http://www.proxmark.org/forum/viewtopic.php?pid=28115#p28115
AA55BBBB
# ref. http://www.proxmark.org/forum/viewtopic.php?pid=33376#p33376
A5B4C3D2
# ref. http://www.proxmark.org/forum/viewtopic.php?pid=30379#p30379
1C0B5848
# ref. http://www.proxmark.org/forum/viewtopic.php?pid=35075#p35075
00434343
44B44CAE
88661858
# paxton bullit?
575F4F4B
#
50520901
# default PROX
50524F58
# blue gun EM4305 
F9DCEBA0
# Default pwd, simple:
00000000
11111111
22222222
33333333
44444444
55555555
66666666
77777777
88888888
99999999
AAAAAAAA
BBBBBBBB
CCCCCCCC
DDDDDDDD
EEEEEEEE
FFFFFFFF
a0a1a2a3
b0b1b2b3
50415353
00000001
00000002
0000000a
0000000b
01020304
02030405
03040506
04050607
05060708
06070809
0708090A
08090A0B
090A0B0C
0A0B0C0D
0B0C0D0E
0C0D0E0F
01234567
12345678
10000000
20000000
30000000
40000000
50000000
60000000
70000000
80000000
90000000
A0000000
B0000000
C0000000
D0000000
E0000000
F0000000
10101010
01010101
11223344
22334455
33445566
44556677
55667788
66778899
778899AA
8899AABB
99AABBCC
AABBCCDD
BBCCDDEE
CCDDEEFF
0CB7E7FC # rfidler?
FABADA11 # china?
# 20 most common len==8
87654321
12341234
69696969
12121212
12344321
1234ABCD
11112222
13131313
10041004
#
31415926 # pii
abcd1234
20002000
19721972
aa55aa55 # amiboo
55aa55aa # rev amiboo
4f271149 # seeds ul-ev1
07d7bb0b # seeds ul-ev1
9636ef8f # seeds ul-ev1
b5f44686 # seeds ul-ev1
9E3779B9 # TEA
C6EF3720 # TEA
7854794A # xbox tea constant :)
F1EA5EED # burtle
69314718 # ln2
57721566 # euler constant (dec)
93C467E3 # euler constant (hex)
27182818 # natural log